<?xml version="1.0" encoding="UTF-8"?>
<testsuite name="com.learning.CarbonIntensityTest" tests="1" skipped="0" failures="0" errors="0" timestamp="2024-08-18T17:15:57" hostname="DESKTOP-7OJQUB4" time="0.105">
  <properties/>
  <testcase name="Ping test()" classname="com.learning.CarbonIntensityTest" time="0.105"/>
  <system-out><![CDATA[]]></system-out>
  <system-err><![CDATA[]]></system-err>
</testsuite>
